<?xml version="1.0" encoding="UTF-8"?>
<coverage generated="1636392146243" clover="3.2.0">
  <project timestamp="1636392146243" name="All files">
    <metrics statements="37" coveredstatements="37" conditionals="22" coveredconditionals="21" methods="6" coveredmethods="6" elements="65" coveredelements="64" complexity="0" loc="37" ncloc="37" packages="1" files="1" classes="1"/>
    <file name="gilded_rose.js" path="C:\Users\antoinemarinier\Desktop\PassCulture\TestPassCulture\src\gilded_rose.js">
      <metrics statements="37" coveredstatements="37" conditionals="22" coveredconditionals="21" methods="6" coveredmethods="6"/>
      <line num="3" count="17" type="stmt"/>
      <line num="4" count="17" type="stmt"/>
      <line num="5" count="17" type="stmt"/>
      <line num="11" count="14" type="stmt"/>
      <line num="14" count="6" type="cond" truecount="2" falsecount="0"/>
      <line num="16" count="6" type="cond" truecount="2" falsecount="0"/>
      <line num="17" count="1" type="stmt"/>
      <line num="19" count="6" type="stmt"/>
      <line num="23" count="3" type="cond" truecount="2" falsecount="0"/>
      <line num="24" count="2" type="stmt"/>
      <line num="26" count="3" type="stmt"/>
      <line num="30" count="7" type="cond" truecount="2" falsecount="0"/>
      <line num="31" count="1" type="stmt"/>
      <line num="32" count="1" type="stmt"/>
      <line num="33" count="1" type="stmt"/>
      <line num="35" count="6" type="cond" truecount="2" falsecount="0"/>
      <line num="36" count="5" type="stmt"/>
      <line num="37" count="5" type="cond" truecount="2" falsecount="0"/>
      <line num="38" count="4" type="stmt"/>
      <line num="40" count="5" type="cond" truecount="2" falsecount="0"/>
      <line num="41" count="3" type="stmt"/>
      <line num="44" count="6" type="cond" truecount="2" falsecount="0"/>
      <line num="45" count="2" type="stmt"/>
      <line num="47" count="6" type="stmt"/>
      <line num="51" count="14" type="stmt"/>
      <line num="52" count="17" type="cond" truecount="5" falsecount="0"/>
      <line num="54" count="3" type="stmt"/>
      <line num="55" count="3" type="stmt"/>
      <line num="57" count="1" type="stmt"/>
      <line num="59" count="7" type="stmt"/>
      <line num="60" count="7" type="stmt"/>
      <line num="62" count="2" type="stmt"/>
      <line num="63" count="2" type="stmt"/>
      <line num="65" count="4" type="stmt"/>
      <line num="66" count="4" type="stmt"/>
      <line num="69" count="14" type="stmt"/>
      <line num="73" count="1" type="stmt"/>
    </file>
  </project>
</coverage>
