{"C:\\Users\\antoinemarinier\\Desktop\\PassCulture\\TestPassCulture\\src\\gilded_rose.js": {"path":"C:\\Users\\antoinemarinier\\Desktop\\PassCulture\\TestPassCulture\\src\\gilded_rose.js","statementMap":{"0":{"start":{"line":3,"column":4},"end":{"line":3,"column":21}},"1":{"start":{"line":4,"column":4},"end":{"line":4,"column":25}},"2":{"start":{"line":5,"column":4},"end":{"line":5,"column":27}},"3":{"start":{"line":11,"column":4},"end":{"line":11,"column":23}},"4":{"start":{"line":14,"column":4},"end":{"line":14,"column":63}},"5":{"start":{"line":16,"column":4},"end":{"line":18,"column":5}},"6":{"start":{"line":17,"column":6},"end":{"line":17,"column":23}},"7":{"start":{"line":19,"column":4},"end":{"line":19,"column":18}},"8":{"start":{"line":23,"column":4},"end":{"line":25,"column":5}},"9":{"start":{"line":24,"column":6},"end":{"line":24,"column":24}},"10":{"start":{"line":26,"column":4},"end":{"line":26,"column":18}},"11":{"start":{"line":30,"column":4},"end":{"line":34,"column":5}},"12":{"start":{"line":31,"column":6},"end":{"line":31,"column":23}},"13":{"start":{"line":32,"column":6},"end":{"line":32,"column":20}},"14":{"start":{"line":33,"column":6},"end":{"line":33,"column":13}},"15":{"start":{"line":35,"column":4},"end":{"line":43,"column":5}},"16":{"start":{"line":36,"column":6},"end":{"line":36,"column":24}},"17":{"start":{"line":37,"column":6},"end":{"line":39,"column":7}},"18":{"start":{"line":38,"column":8},"end":{"line":38,"column":26}},"19":{"start":{"line":40,"column":6},"end":{"line":42,"column":7}},"20":{"start":{"line":41,"column":8},"end":{"line":41,"column":26}},"21":{"start":{"line":44,"column":4},"end":{"line":46,"column":5}},"22":{"start":{"line":45,"column":6},"end":{"line":45,"column":24}},"23":{"start":{"line":47,"column":4},"end":{"line":47,"column":18}},"24":{"start":{"line":51,"column":4},"end":{"line":68,"column":5}},"25":{"start":{"line":51,"column":17},"end":{"line":51,"column":18}},"26":{"start":{"line":52,"column":6},"end":{"line":67,"column":7}},"27":{"start":{"line":54,"column":10},"end":{"line":54,"column":52}},"28":{"start":{"line":55,"column":10},"end":{"line":55,"column":16}},"29":{"start":{"line":57,"column":10},"end":{"line":57,"column":16}},"30":{"start":{"line":59,"column":10},"end":{"line":59,"column":52}},"31":{"start":{"line":60,"column":10},"end":{"line":60,"column":16}},"32":{"start":{"line":62,"column":10},"end":{"line":62,"column":44}},"33":{"start":{"line":63,"column":10},"end":{"line":63,"column":16}},"34":{"start":{"line":65,"column":10},"end":{"line":65,"column":44}},"35":{"start":{"line":66,"column":10},"end":{"line":66,"column":16}},"36":{"start":{"line":69,"column":4},"end":{"line":69,"column":22}},"37":{"start":{"line":73,"column":0},"end":{"line":76,"column":2}}},"fnMap":{"0":{"name":"(anonymous_0)","decl":{"start":{"line":2,"column":2},"end":{"line":2,"column":3}},"loc":{"start":{"line":2,"column":37},"end":{"line":6,"column":3}},"line":2},"1":{"name":"(anonymous_1)","decl":{"start":{"line":10,"column":2},"end":{"line":10,"column":3}},"loc":{"start":{"line":10,"column":26},"end":{"line":12,"column":3}},"line":10},"2":{"name":"(anonymous_2)","decl":{"start":{"line":13,"column":2},"end":{"line":13,"column":3}},"loc":{"start":{"line":13,"column":27},"end":{"line":20,"column":3}},"line":13},"3":{"name":"(anonymous_3)","decl":{"start":{"line":22,"column":2},"end":{"line":22,"column":3}},"loc":{"start":{"line":22,"column":30},"end":{"line":27,"column":3}},"line":22},"4":{"name":"(anonymous_4)","decl":{"start":{"line":29,"column":2},"end":{"line":29,"column":3}},"loc":{"start":{"line":29,"column":30},"end":{"line":48,"column":3}},"line":29},"5":{"name":"(anonymous_5)","decl":{"start":{"line":50,"column":2},"end":{"line":50,"column":3}},"loc":{"start":{"line":50,"column":18},"end":{"line":70,"column":3}},"line":50}},"branchMap":{"0":{"loc":{"start":{"line":10,"column":14},"end":{"line":10,"column":24}},"type":"default-arg","locations":[{"start":{"line":10,"column":22},"end":{"line":10,"column":24}}],"line":10},"1":{"loc":{"start":{"line":14,"column":20},"end":{"line":14,"column":62}},"type":"cond-expr","locations":[{"start":{"line":14,"column":39},"end":{"line":14,"column":49}},{"start":{"line":14,"column":52},"end":{"line":14,"column":62}}],"line":14},"2":{"loc":{"start":{"line":16,"column":4},"end":{"line":18,"column":5}},"type":"if","locations":[{"start":{"line":16,"column":4},"end":{"line":18,"column":5}},{"start":{"line":16,"column":4},"end":{"line":18,"column":5}}],"line":16},"3":{"loc":{"start":{"line":23,"column":4},"end":{"line":25,"column":5}},"type":"if","locations":[{"start":{"line":23,"column":4},"end":{"line":25,"column":5}},{"start":{"line":23,"column":4},"end":{"line":25,"column":5}}],"line":23},"4":{"loc":{"start":{"line":30,"column":4},"end":{"line":34,"column":5}},"type":"if","locations":[{"start":{"line":30,"column":4},"end":{"line":34,"column":5}},{"start":{"line":30,"column":4},"end":{"line":34,"column":5}}],"line":30},"5":{"loc":{"start":{"line":35,"column":4},"end":{"line":43,"column":5}},"type":"if","locations":[{"start":{"line":35,"column":4},"end":{"line":43,"column":5}},{"start":{"line":35,"column":4},"end":{"line":43,"column":5}}],"line":35},"6":{"loc":{"start":{"line":37,"column":6},"end":{"line":39,"column":7}},"type":"if","locations":[{"start":{"line":37,"column":6},"end":{"line":39,"column":7}},{"start":{"line":37,"column":6},"end":{"line":39,"column":7}}],"line":37},"7":{"loc":{"start":{"line":40,"column":6},"end":{"line":42,"column":7}},"type":"if","locations":[{"start":{"line":40,"column":6},"end":{"line":42,"column":7}},{"start":{"line":40,"column":6},"end":{"line":42,"column":7}}],"line":40},"8":{"loc":{"start":{"line":44,"column":4},"end":{"line":46,"column":5}},"type":"if","locations":[{"start":{"line":44,"column":4},"end":{"line":46,"column":5}},{"start":{"line":44,"column":4},"end":{"line":46,"column":5}}],"line":44},"9":{"loc":{"start":{"line":52,"column":6},"end":{"line":67,"column":7}},"type":"switch","locations":[{"start":{"line":53,"column":8},"end":{"line":55,"column":16}},{"start":{"line":56,"column":8},"end":{"line":57,"column":16}},{"start":{"line":58,"column":8},"end":{"line":60,"column":16}},{"start":{"line":61,"column":8},"end":{"line":63,"column":16}},{"start":{"line":64,"column":8},"end":{"line":66,"column":16}}],"line":52}},"s":{"0":17,"1":17,"2":17,"3":14,"4":6,"5":6,"6":1,"7":6,"8":3,"9":2,"10":3,"11":7,"12":1,"13":1,"14":1,"15":6,"16":5,"17":5,"18":4,"19":5,"20":3,"21":6,"22":2,"23":6,"24":14,"25":14,"26":17,"27":3,"28":3,"29":1,"30":7,"31":7,"32":2,"33":2,"34":4,"35":4,"36":14,"37":1},"f":{"0":17,"1":14,"2":6,"3":3,"4":7,"5":14},"b":{"0":[0],"1":[1,5],"2":[1,5],"3":[2,1],"4":[1,6],"5":[5,1],"6":[4,1],"7":[3,2],"8":[2,4],"9":[3,1,7,2,4]},"_coverageSchema":"43e27e138ebf9cfc5966b082cf9a028302ed4184","hash":"be9bb11c842c0f49735738a293cb8c2dd3c5cbd9"}
}
