TN:
SF:C:\Users\antoinemarinier\Desktop\PassCulture\TestPassCulture\src\gilded_rose.js
FN:2,(anonymous_0)
FN:10,(anonymous_1)
FN:13,(anonymous_2)
FN:22,(anonymous_3)
FN:29,(anonymous_4)
FN:50,(anonymous_5)
FNF:6
FNH:6
FNDA:17,(anonymous_0)
FNDA:14,(anonymous_1)
FNDA:6,(anonymous_2)
FNDA:3,(anonymous_3)
FNDA:7,(anonymous_4)
FNDA:14,(anonymous_5)
DA:3,17
DA:4,17
DA:5,17
DA:11,14
DA:14,6
DA:16,6
DA:17,1
DA:19,6
DA:23,3
DA:24,2
DA:26,3
DA:30,7
DA:31,1
DA:32,1
DA:33,1
DA:35,6
DA:36,5
DA:37,5
DA:38,4
DA:40,5
DA:41,3
DA:44,6
DA:45,2
DA:47,6
DA:51,14
DA:52,17
DA:54,3
DA:55,3
DA:57,1
DA:59,7
DA:60,7
DA:62,2
DA:63,2
DA:65,4
DA:66,4
DA:69,14
DA:73,1
LF:37
LH:37
BRDA:10,0,0,0
BRDA:14,1,0,1
BRDA:14,1,1,5
BRDA:16,2,0,1
BRDA:16,2,1,5
BRDA:23,3,0,2
BRDA:23,3,1,1
BRDA:30,4,0,1
BRDA:30,4,1,6
BRDA:35,5,0,5
BRDA:35,5,1,1
BRDA:37,6,0,4
BRDA:37,6,1,1
BRDA:40,7,0,3
BRDA:40,7,1,2
BRDA:44,8,0,2
BRDA:44,8,1,4
BRDA:52,9,0,3
BRDA:52,9,1,1
BRDA:52,9,2,7
BRDA:52,9,3,2
BRDA:52,9,4,4
BRF:22
BRH:21
end_of_record
